<?xml version="1.0" encoding="UTF-8"?>
<!-- Generated by org.testng.reporters.JUnitReportReporter -->
<testsuite skipped="0" hostname="USER-PC" name="com.TestCases.Tc_01_ValidateLoginCredentials" tests="1" failures="0" timestamp="12 Jun 2018 10:55:31 GMT" time="31.837" errors="0">
  <testcase name="Tc_01_ValidateLoginCredentials" time="31.837" classname="com.TestCases.Tc_01_ValidateLoginCredentials"/>
</testsuite> <!-- com.TestCases.Tc_01_ValidateLoginCredentials -->
