<?xml version="1.0" encoding="UTF-8"?>
<!-- Generated by org.testng.reporters.JUnitReportReporter -->
<testsuite skipped="0" hostname="USER-PC" name="com.TestCases.Tc_02" tests="1" failures="0" timestamp="16 Jun 2018 10:18:25 GMT" time="35.346" errors="0">
  <testcase name="verifyCreatAccount" time="35.346" classname="com.TestCases.Tc_02"/>
</testsuite> <!-- com.TestCases.Tc_02 -->
