<?xml version="1.0" encoding="UTF-8"?>
<!-- Generated by org.testng.reporters.JUnitReportReporter -->
<testsuite skipped="0" hostname="USER-PC" name="com.TestCases.Tc_02" tests="1" failures="0" timestamp="15 Jun 2018 09:35:12 GMT" time="30.229" errors="0">
  <testcase name="verifyCreatAccount" time="30.229" classname="com.TestCases.Tc_02"/>
</testsuite> <!-- com.TestCases.Tc_02 -->
