<?xml version="1.0" encoding="UTF-8"?>
<!-- Generated by org.testng.reporters.JUnitReportReporter -->
<testsuite skipped="1" hostname="USER-PC" name="com.TestCases.Tc_01" tests="2" failures="0" timestamp="12 Jun 2018 11:02:38 GMT" time="18.163" errors="0">
  <testcase name="signin" time="18.163" classname="com.TestCases.Tc_01"/>
  <testcase name="verifySearch" classname="com.TestCases.Tc_01">
    <skipped/>
  </testcase> <!-- verifySearch -->
</testsuite> <!-- com.TestCases.Tc_01 -->
